2021-11-21 20:00:03,160  INFO [main] BigSmall:36 - Url has been hitted
2021-11-21 20:00:12,690  INFO [main] BigSmall:98 -  entered
2021-11-21 20:00:13,216  INFO [main] BigSmall:101 -  entered
2021-11-21 20:00:23,705  INFO [main] BigSmall:98 - simon@123 entered
2021-11-21 20:00:24,054  INFO [main] BigSmall:101 - abcd entered
2021-11-21 20:00:35,192  INFO [main] BigSmall:98 - JackNJill@gmail.com entered
2021-11-21 20:00:35,625  INFO [main] BigSmall:101 - JackNJill@123 entered
2021-11-21 20:00:39,376  INFO [main] BigSmall:31 - going to click on Pggggg
2021-11-21 20:00:56,738  INFO [main] BigSmall:56 - Successfully sorted the Price from High to low
2021-11-21 20:01:06,282  INFO [main] BigSmall:60 - Products has been Displayed
2021-11-21 20:01:40,603  INFO [main] BigSmall:51 - Product has been added to the Wishlist
2021-11-21 20:01:52,164  INFO [main] BigSmall:47 - Title under All Of It is verified
2021-11-21 20:01:56,971  INFO [main] BigSmall:37 - Going to close the popup
2021-11-21 20:02:01,103  INFO [main] BigSmall:41 - closed the pop up
2021-11-21 20:02:01,148  INFO [main] BigSmall:49 - Product is present over there in WishList
2021-11-21 20:02:01,978  INFO [main] BigSmall:31 - Going to click on About us
2021-11-21 20:02:04,337  INFO [main] BigSmall:33 - cliclked on about us
2021-11-21 20:02:04,647  INFO [main] BigSmall:42 - Entered in About Us page
2021-11-21 20:02:14,144  INFO [main] BigSmall:47 - Gift Card has been added to the cart
2021-11-21 20:02:27,056  INFO [main] BigSmall:43 - Ttile Verfied and Data has been sent successfully
